awesome_notifications/intermediates/manifest_merge_blame_file/debug/manifest-merger-blame-debug-report.txt
1<?xml version="1.0" encoding="utf-8"?>
2<manifest xmlns:android="http://schemas.android.com/apk/res/android"
3    package="me.carda.awesome_notifications" >
4
5    <uses-sdk
6        android:minSdkVersion="21"
6-->src\main\AndroidManifest.xml
7        android:targetSdkVersion="34" />
7-->src\main\AndroidManifest.xml
8
9    <uses-permission android:name="android.permission.POST_NOTIFICATIONS" />
9-->src\main\AndroidManifest.xml:4:5-76
9-->src\main\AndroidManifest.xml:4:22-74
10    <uses-permission android:name="android.permission.BROADCAST_CLOSE_SYSTEM_DIALOGS" />
10-->src\main\AndroidManifest.xml:5:5-89
10-->src\main\AndroidManifest.xml:5:22-86
11    <uses-permission android:name="android.permission.RECEIVE_BOOT_COMPLETED" />
11-->src\main\AndroidManifest.xml:6:5-80
11-->src\main\AndroidManifest.xml:6:22-78
12    <uses-permission android:name="android.permission.VIBRATE" />
12-->src\main\AndroidManifest.xml:7:5-65
12-->src\main\AndroidManifest.xml:7:22-63
13
14    <application>
14-->src\main\AndroidManifest.xml:9:5-46:19
15        <receiver
15-->src\main\AndroidManifest.xml:11:9-12:38
16            android:name="me.carda.awesome_notifications.DartNotificationActionReceiver"
16-->src\main\AndroidManifest.xml:11:19-65
17            android:exported="true" />
17-->src\main\AndroidManifest.xml:12:13-36
18        <receiver
18-->src\main\AndroidManifest.xml:14:9-15:38
19            android:name="me.carda.awesome_notifications.DartDismissedNotificationReceiver"
19-->src\main\AndroidManifest.xml:14:19-68
20            android:exported="true" />
20-->src\main\AndroidManifest.xml:15:13-36
21        <receiver
21-->src\main\AndroidManifest.xml:17:9-18:38
22            android:name="me.carda.awesome_notifications.DartScheduledNotificationReceiver"
22-->src\main\AndroidManifest.xml:17:19-68
23            android:exported="true" />
23-->src\main\AndroidManifest.xml:18:13-36
24        <receiver
24-->src\main\AndroidManifest.xml:20:9-33:20
25            android:name="me.carda.awesome_notifications.DartRefreshSchedulesReceiver"
25-->src\main\AndroidManifest.xml:21:13-57
26            android:enabled="true"
26-->src\main\AndroidManifest.xml:22:13-35
27            android:exported="true" >
27-->src\main\AndroidManifest.xml:23:13-36
28            <intent-filter>
28-->src\main\AndroidManifest.xml:24:13-32:29
29                <category android:name="android.intent.category.DEFAULT" />
29-->src\main\AndroidManifest.xml:25:17-75
29-->src\main\AndroidManifest.xml:25:27-73
30
31                <action android:name="android.intent.action.BOOT_COMPLETED" />
31-->src\main\AndroidManifest.xml:26:17-78
31-->src\main\AndroidManifest.xml:26:25-76
32                <action android:name="android.intent.action.LOCKED_BOOT_COMPLETED" />
32-->src\main\AndroidManifest.xml:27:17-85
32-->src\main\AndroidManifest.xml:27:25-83
33                <action android:name="android.intent.action.MY_PACKAGE_REPLACED" />
33-->src\main\AndroidManifest.xml:28:17-83
33-->src\main\AndroidManifest.xml:28:25-81
34                <action android:name="android.intent.action.QUICKBOOT_POWERON" />
34-->src\main\AndroidManifest.xml:29:17-81
34-->src\main\AndroidManifest.xml:29:25-79
35                <action android:name="com.htc.intent.action.QUICKBOOT_POWERON" />
35-->src\main\AndroidManifest.xml:30:17-81
35-->src\main\AndroidManifest.xml:30:25-79
36                <action android:name="android.app.action.SCHEDULE_EXACT_ALARM_PERMISSION_STATE_CHANGED" />
36-->src\main\AndroidManifest.xml:31:17-106
36-->src\main\AndroidManifest.xml:31:25-104
37            </intent-filter>
38        </receiver>
39
40        <service
40-->src\main\AndroidManifest.xml:35:9-37:39
41            android:name="me.carda.awesome_notifications.DartBackgroundService"
41-->src\main\AndroidManifest.xml:35:18-55
42            android:exported="false"
42-->src\main\AndroidManifest.xml:37:13-37
43            android:permission="android.permission.BIND_JOB_SERVICE" />
43-->src\main\AndroidManifest.xml:36:13-69
44        <service
44-->src\main\AndroidManifest.xml:39:9-44:43
45            android:name="me.carda.awesome_notifications.core.services.ForegroundService"
45-->src\main\AndroidManifest.xml:40:13-90
46            android:enabled="true"
46-->src\main\AndroidManifest.xml:41:13-35
47            android:exported="false"
47-->src\main\AndroidManifest.xml:42:13-37
48            android:foregroundServiceType="phoneCall"
48-->src\main\AndroidManifest.xml:43:13-54
49            android:stopWithTask="true" />
49-->src\main\AndroidManifest.xml:44:13-40
50    </application>
51
52</manifest>